[2025-05-06 00:42:26,796] multiqc                                            [DEBUG  ]  This is MultiQC v1.18
[2025-05-06 00:42:26,797] multiqc                                            [DEBUG  ]  Command used: /usr/bin/multiqc raw_data_reports -o raw_data_reports
[2025-05-06 00:42:38,390] multiqc                                            [WARNING]  MultiQC Version v1.28 now available!
[2025-05-06 00:42:38,390] multiqc                                            [DEBUG  ]  Working dir : /home/wiktor/Pulpit/pd4712_NGS_Project
[2025-05-06 00:42:38,394] multiqc                                            [DEBUG  ]  Template    : default
[2025-05-06 00:42:38,394] multiqc                                            [DEBUG  ]  Running Python 3.12.3 (main, Feb  4 2025, 14:48:35) [GCC 13.3.0]
[2025-05-06 00:42:38,395] multiqc                                            [DEBUG  ]  Analysing modules: custom_content, ccs, ngsderive, purple, conpair, lima, peddy, somalier, methylQA, mosdepth, phantompeakqualtools, qualimap, preseq, hifiasm, quast, qorts, rna_seqc, rockhopper, rsem, rseqc, busco, bustools, goleft_indexcov, gffcompare, disambiguate, supernova, deeptools, sargasso, verifybamid, mirtrace, happy, mirtop, sambamba, gopeaks, homer, hops, macs2, theta2, snpeff, gatk, htseq, bcftools, featureCounts, fgbio, dragen, dragen_fastqc, dedup, pbmarkdup, damageprofiler, mapdamage, biobambam2, jcvi, mtnucratio, picard, vep, bakta, prokka, qc3C, nanostat, samblaster, samtools, sexdeterrmine, seqera_cli, eigenstratdatabasetools, bamtools, jellyfish, vcftools, longranger, stacks, varscan2, snippy, umitools, truvari, bbmap, bismark, biscuit, diamond, hicexplorer, hicup, hicpro, salmon, kallisto, slamdunk, star, hisat2, tophat, bowtie2, bowtie1, cellranger, snpsplit, odgi, pangolin, nextclade, freyja, humid, kat, leehom, librarian, adapterRemoval, bbduk, clipandmerge, cutadapt, flexbar, sourmash, kaiju, bracken, kraken, malt, motus, trimmomatic, sickle, skewer, sortmerna, biobloomtools, fastq_screen, afterqc, fastp, fastqc, filtlong, prinseqplusplus, pychopper, porechop, pycoqc, minionqc, anglerfish, multivcfanalyzer, clusterflow, checkqc, bcl2fastq, bclconvert, interop, ivar, flash, seqyclean, optitype, whatshap, xenome, xengsort
[2025-05-06 00:42:38,395] multiqc                                            [DEBUG  ]  Using temporary directory for creating report: /tmp/tmpa_7trvg1
[2025-05-06 00:42:38,396] multiqc                                            [INFO   ]  Search path : /home/wiktor/Pulpit/pd4712_NGS_Project/raw_data_reports
[2025-05-06 00:42:38,562] multiqc                                            [DEBUG  ]  Summary of files that were skipped by the search: [skipped_module_specific_max_filesize: 72] // [skipped_no_match: 6]
[2025-05-06 00:42:38,750] multiqc.plots.bargraph                             [DEBUG  ]  Using matplotlib version 3.6.3
[2025-05-06 00:42:38,750] multiqc.plots.linegraph                            [DEBUG  ]  Using matplotlib version 3.6.3
[2025-05-06 00:42:38,750] multiqc                                            [DEBUG  ]  No samples found: custom_content
[2025-05-06 00:42:38,757] multiqc.modules.fastqc.fastqc                      [INFO   ]  Found 6 reports
[2025-05-06 00:42:38,815] multiqc.utils.software_versions                    [DEBUG  ]  Reading software versions from config.software_versions
[2025-05-06 00:42:38,818] multiqc                                            [DEBUG  ]  Compressing plot data
[2025-05-06 00:42:38,861] multiqc                                            [INFO   ]  Report      : raw_data_reports/multiqc_report.html
[2025-05-06 00:42:38,861] multiqc                                            [INFO   ]  Data        : raw_data_reports/multiqc_data
[2025-05-06 00:42:38,861] multiqc                                            [DEBUG  ]  Moving data file from '/tmp/tmpa_7trvg1/multiqc_data' to 'raw_data_reports/multiqc_data'
[2025-05-06 00:42:38,862] multiqc                                            [DEBUG  ]  Full report path: /home/wiktor/Pulpit/pd4712_NGS_Project/raw_data_reports/multiqc_report.html
[2025-05-06 00:42:38,904] multiqc                                            [ERROR  ]  Could not include file 'assets/js/packages/jszip.min.js': [Errno 2] No such file or directory: '/tmp/tmpa_7trvg1/assets/js/packages/jszip.min.js'
[2025-05-06 00:42:38,954] multiqc                                            [INFO   ]  MultiQC complete
